[2021-01-27 09:59:26] START
[2021-02-08 09:54:42] EDIT Dipmelsa/views/default/index.html: 0
[2021-02-08 09:54:57] EDIT Dipmelsa/views/default/index.html: 0
[2021-02-08 09:54:58] EDIT Dipmelsa/views/default/index.html: 0
[2021-02-08 09:55:04] EDIT Dipmelsa/views/default/index.html: 0
[2021-02-08 09:55:04] EDIT Dipmelsa/views/default/index.html: 0
[2021-02-08 09:55:04] EDIT Dipmelsa/views/default/index.html: 0
[2021-02-08 10:06:58] EDIT Dipmelsa/views/layout.html: 0
[2021-02-08 10:07:55] EDIT Dipmelsa/views/layout.html: 0
[2021-02-08 10:07:55] EDIT Dipmelsa/views/layout.html: 0
[2021-02-08 10:08:27] EDIT Dipmelsa/controllers/default.py: -1
[2021-02-08 10:08:27] EDIT Dipmelsa/controllers/default.py: 0
[2021-02-08 10:08:40] EDIT Dipmelsa/controllers/default.py: 0
[2021-02-08 10:08:41] EDIT Dipmelsa/controllers/default.py: 0
[2021-02-08 10:14:52] EDIT Dipmelsa/private/appconfig.ini: 0
[2021-02-08 10:28:25] EDIT Dipmelsa/private/appconfig.ini: 0
[2021-02-08 10:36:22] EDIT Dipmelsa/models/db.py: 0
[2021-02-08 10:36:22] EDIT Dipmelsa/models/db.py: 0
[2021-02-08 11:19:27] EDIT Dipmelsa/models/db.py: 0
[2021-02-08 11:19:46] EDIT Dipmelsa/models/db.py: 0
[2021-02-08 11:31:06] EDIT Dipmelsa/models/db.py: 10
[2021-02-08 11:32:02] EDIT Dipmelsa/models/db.py: 0
[2021-02-08 11:32:22] EDIT Dipmelsa/models/db.py: 0
[2021-02-08 11:32:22] EDIT Dipmelsa/models/db.py: 0
[2021-02-08 11:35:16] EDIT Dipmelsa/models/db.py: 0
[2021-02-08 11:35:16] EDIT Dipmelsa/models/db.py: 0
[2021-02-08 13:27:46] EDIT Dipmelsa/models/db.py: 35
[2021-02-08 13:28:03] EDIT Dipmelsa/models/db.py: 1
[2021-02-08 14:28:21] EDIT Dipmelsa/models/db.py: 7
[2021-02-08 14:28:21] EDIT Dipmelsa/models/db.py: 0
[2021-02-08 14:28:23] EDIT Dipmelsa/models/db.py: 0
[2021-02-08 14:28:52] EDIT Dipmelsa/models/db.py: 0
[2021-02-08 14:39:46] EDIT Dipmelsa/models/db.py: 0
[2021-02-08 14:39:46] EDIT Dipmelsa/models/db.py: 0
[2021-02-08 14:48:34] EDIT Dipmelsa/models/db.py: 7
[2021-02-08 17:31:16] EDIT Dipmelsa/models/db.py: 0
[2021-03-15 14:18:36] EDIT Dipmelsa/models/db.py: 1
[2021-03-15 14:22:50] EDIT Dipmelsa/models/db.py: 1
[2021-03-15 14:54:53] EDIT Dipmelsa/models/db.py: 0
[2021-03-15 15:29:29] EDIT Dipmelsa/models/db.py: 0
[2021-03-17 10:14:18] EDIT Dipmelsa/models/menu.py: -3
[2021-03-17 10:14:28] EDIT Dipmelsa/models/menu.py: 3
[2021-03-17 10:18:45] EDIT Dipmelsa/models/menu.py: -89
[2021-03-17 10:18:45] EDIT Dipmelsa/models/menu.py: 0
[2021-03-17 10:18:45] EDIT Dipmelsa/models/menu.py: 0
[2021-03-17 10:33:29] EDIT Dipmelsa/controllers/default.py: 0
[2021-03-17 10:33:30] EDIT Dipmelsa/controllers/default.py: 0
[2021-03-17 10:33:32] EDIT Dipmelsa/views/default/index.html: -21
[2021-03-17 10:33:33] EDIT Dipmelsa/views/default/index.html: 0
[2021-03-17 10:33:35] EDIT Dipmelsa/views/default/user.html: 0
[2021-03-17 10:34:16] EDIT Dipmelsa/controllers/default.py: 0
[2021-03-17 10:34:35] EDIT Dipmelsa/views/default/index.html: -4
[2021-03-17 10:34:35] EDIT Dipmelsa/views/default/index.html: 0
[2021-03-17 10:34:38] EDIT Dipmelsa/views/default/index.html: 0
[2021-03-17 10:35:26] EDIT Dipmelsa/models/menu.py: -1
[2021-03-17 10:35:27] EDIT Dipmelsa/models/menu.py: 0
[2021-03-17 10:35:53] EDIT Dipmelsa/models/menu.py: 0
[2021-03-17 10:35:53] EDIT Dipmelsa/models/menu.py: 0
[2021-03-17 10:57:09] CREATE admin/crearCotizacion.html: 0
[2021-03-17 11:35:31] EDIT Dipmelsa/controllers/default.py: 1
[2021-03-17 11:35:31] EDIT Dipmelsa/controllers/default.py: 0
[2021-03-17 11:35:38] EDIT Dipmelsa/controllers/default.py: 0
[2021-03-17 11:35:38] EDIT Dipmelsa/controllers/default.py: 0
[2021-03-17 11:37:51] EDIT Dipmelsa/controllers/default.py: -1
[2021-03-17 11:38:00] EDIT Dipmelsa/controllers/default.py: 0
[2021-03-17 11:38:00] EDIT Dipmelsa/controllers/default.py: 0
[2021-03-17 11:38:13] EDIT Dipmelsa/controllers/default.py: 1
[2021-03-17 11:38:13] EDIT Dipmelsa/controllers/default.py: 0
[2021-03-17 11:38:13] EDIT Dipmelsa/controllers/default.py: 0
[2021-03-17 12:37:01] EDIT Dipmelsa/controllers/default.py: 0
[2021-03-17 12:37:01] EDIT Dipmelsa/controllers/default.py: 0
[2021-03-17 12:37:02] EDIT Dipmelsa/controllers/default.py: 0
[2021-03-17 12:37:02] EDIT Dipmelsa/controllers/default.py: 0
[2021-03-17 13:15:16] EDIT Dipmelsa/models/menu.py: 2
[2021-03-17 13:15:16] EDIT Dipmelsa/models/menu.py: 0
[2021-03-17 13:15:21] EDIT Dipmelsa/models/menu.py: 0
[2021-03-17 13:15:21] EDIT Dipmelsa/models/menu.py: 0
[2021-03-17 13:15:22] EDIT Dipmelsa/models/menu.py: 0
[2021-03-17 13:15:34] EDIT Dipmelsa/models/menu.py: 0
[2021-03-17 13:15:51] EDIT Dipmelsa/models/menu.py: 0
[2021-03-17 13:15:52] EDIT Dipmelsa/models/menu.py: 0
[2021-03-17 13:15:55] EDIT Dipmelsa/models/menu.py: 0
[2021-03-17 13:16:17] EDIT Dipmelsa/models/menu.py: 2
[2021-03-17 13:17:11] EDIT Dipmelsa/models/menu.py: -2
[2021-03-17 13:17:56] EDIT Dipmelsa/models/menu.py: 0
[2021-03-17 13:18:11] EDIT Dipmelsa/models/menu.py: -1
[2021-03-17 13:21:02] CREATE admin.py: 0
[2021-03-17 16:29:45] EDIT Dipmelsa/controllers/default.py: 0
[2021-03-17 16:29:46] EDIT Dipmelsa/controllers/default.py: 0
[2021-03-17 16:34:50] EDIT Dipmelsa/controllers/default.py: 0
[2021-03-17 16:34:51] EDIT Dipmelsa/controllers/default.py: 0
[2021-03-17 16:34:51] EDIT Dipmelsa/controllers/default.py: 0
[2021-03-17 16:35:44] EDIT Dipmelsa/controllers/default.py: 1
[2021-03-17 16:35:44] EDIT Dipmelsa/controllers/default.py: 0
[2021-03-17 16:36:58] EDIT Dipmelsa/controllers/default.py: -1
[2021-03-17 16:37:26] EDIT Dipmelsa/controllers/default.py: 0
[2021-03-17 16:37:41] EDIT Dipmelsa/controllers/default.py: 0
[2021-03-17 16:37:42] EDIT Dipmelsa/controllers/default.py: 0
[2021-03-17 16:37:59] EDIT Dipmelsa/controllers/default.py: 0
[2021-03-17 16:39:34] EDIT Dipmelsa/controllers/default.py: 0
[2021-03-17 16:40:05] EDIT Dipmelsa/controllers/default.py: 0
[2021-03-17 16:40:25] EDIT Dipmelsa/controllers/default.py: 0
[2021-03-17 16:40:44] EDIT Dipmelsa/controllers/default.py: 0
[2021-03-17 17:05:00] EDIT Dipmelsa/views/admin/crearCotizacion.html: 3
[2021-03-18 10:05:30] EDIT Dipmelsa/views/admin/crearCotizacion.html: -1
[2021-03-18 10:05:30] EDIT Dipmelsa/views/admin/crearCotizacion.html: 0
[2021-03-18 10:05:30] EDIT Dipmelsa/views/admin/crearCotizacion.html: 0
[2021-03-18 10:21:52] EDIT Dipmelsa/models/db.py: 1
[2021-03-18 10:21:53] EDIT Dipmelsa/models/db.py: 0
[2021-03-18 10:32:31] EDIT Dipmelsa/views/default/index.html: 3
[2021-03-18 10:32:46] EDIT Dipmelsa/views/default/index.html: 0
[2021-03-18 10:40:29] EDIT Dipmelsa/views/admin/crearCotizacion.html: 3
[2021-03-18 10:43:03] EDIT Dipmelsa/views/admin/crearCotizacion.html: 5
[2021-03-18 10:43:03] EDIT Dipmelsa/views/admin/crearCotizacion.html: 0
[2021-03-18 10:43:36] EDIT Dipmelsa/controllers/admin.py: 2
[2021-03-18 10:45:43] EDIT Dipmelsa/views/admin/crearCotizacion.html: 0
[2021-03-18 10:45:55] EDIT Dipmelsa/views/admin/crearCotizacion.html: 0
[2021-03-18 10:46:39] EDIT Dipmelsa/views/admin/crearCotizacion.html: 0
[2021-03-18 11:20:58] EDIT Dipmelsa/views/admin/crearCotizacion.html: 2
[2021-03-18 11:20:58] EDIT Dipmelsa/views/admin/crearCotizacion.html: 0
[2021-03-18 11:22:35] EDIT Dipmelsa/controllers/admin.py: 2
[2021-03-18 11:22:52] EDIT Dipmelsa/controllers/admin.py: 0
[2021-03-18 11:22:52] EDIT Dipmelsa/controllers/admin.py: 0
[2021-03-18 11:25:15] EDIT Dipmelsa/views/admin/crearCotizacion.html: 12
[2021-03-18 11:25:30] EDIT Dipmelsa/views/admin/crearCotizacion.html: 0
[2021-03-18 11:29:11] EDIT Dipmelsa/views/admin/crearCotizacion.html: 0
[2021-03-18 11:29:11] EDIT Dipmelsa/views/admin/crearCotizacion.html: 0
[2021-03-18 11:30:31] EDIT Dipmelsa/views/admin/crearCotizacion.html: 0
[2021-03-18 11:30:31] EDIT Dipmelsa/views/admin/crearCotizacion.html: 0
[2021-03-18 11:30:36] EDIT Dipmelsa/controllers/admin.py: 0
[2021-03-18 11:30:36] EDIT Dipmelsa/controllers/admin.py: 0
[2021-03-18 11:30:38] EDIT Dipmelsa/views/admin/crearCotizacion.html: 0
[2021-03-18 11:30:38] EDIT Dipmelsa/views/admin/crearCotizacion.html: 0
[2021-03-18 11:37:35] EDIT Dipmelsa/views/admin/crearCotizacion.html: 0
[2021-03-18 11:37:35] EDIT Dipmelsa/views/admin/crearCotizacion.html: 0
[2021-03-18 11:38:18] EDIT Dipmelsa/views/admin/crearCotizacion.html: 0
[2021-03-18 11:38:19] EDIT Dipmelsa/views/admin/crearCotizacion.html: 0
[2021-03-18 11:38:32] EDIT Dipmelsa/views/admin/crearCotizacion.html: 0
[2021-03-18 11:38:32] EDIT Dipmelsa/views/admin/crearCotizacion.html: 0
[2021-03-18 11:38:32] EDIT Dipmelsa/views/admin/crearCotizacion.html: 0
[2021-03-18 11:39:16] EDIT Dipmelsa/views/admin/crearCotizacion.html: 0
[2021-03-18 11:39:16] EDIT Dipmelsa/views/admin/crearCotizacion.html: 0
[2021-03-18 11:39:16] EDIT Dipmelsa/views/admin/crearCotizacion.html: 0
[2021-03-18 11:39:39] EDIT Dipmelsa/views/admin/crearCotizacion.html: 0
[2021-03-18 11:39:40] EDIT Dipmelsa/views/admin/crearCotizacion.html: 0
[2021-03-18 11:39:40] EDIT Dipmelsa/views/admin/crearCotizacion.html: 0
[2021-03-18 11:40:12] EDIT Dipmelsa/views/admin/crearCotizacion.html: 0
[2021-03-18 11:40:12] EDIT Dipmelsa/views/admin/crearCotizacion.html: 0
[2021-03-18 11:40:12] EDIT Dipmelsa/views/admin/crearCotizacion.html: 0
[2021-03-18 11:41:11] EDIT Dipmelsa/views/admin/crearCotizacion.html: 2
[2021-03-18 11:41:11] EDIT Dipmelsa/views/admin/crearCotizacion.html: 0
[2021-03-18 11:41:11] EDIT Dipmelsa/views/admin/crearCotizacion.html: 0
[2021-03-18 11:42:54] EDIT Dipmelsa/views/admin/crearCotizacion.html: 2
[2021-03-18 11:43:46] EDIT Dipmelsa/views/admin/crearCotizacion.html: 0
[2021-03-18 11:43:46] EDIT Dipmelsa/views/admin/crearCotizacion.html: 0
[2021-03-18 11:48:24] EDIT Dipmelsa/views/admin/crearCotizacion.html: 0
[2021-03-18 11:48:25] EDIT Dipmelsa/views/admin/crearCotizacion.html: 0
[2021-03-18 11:52:07] EDIT Dipmelsa/views/admin/crearCotizacion.html: -1
[2021-03-18 11:52:08] EDIT Dipmelsa/views/admin/crearCotizacion.html: 0
[2021-03-18 11:52:08] EDIT Dipmelsa/views/admin/crearCotizacion.html: 0
[2021-03-18 11:52:08] EDIT Dipmelsa/views/admin/crearCotizacion.html: 0
[2021-03-18 11:52:21] EDIT Dipmelsa/views/admin/crearCotizacion.html: -3
[2021-03-18 11:52:21] EDIT Dipmelsa/views/admin/crearCotizacion.html: 0
[2021-03-18 11:53:35] EDIT Dipmelsa/views/admin/crearCotizacion.html: -2
[2021-03-18 11:53:35] EDIT Dipmelsa/views/admin/crearCotizacion.html: 0
[2021-03-18 11:53:35] EDIT Dipmelsa/views/admin/crearCotizacion.html: 0
[2021-03-18 11:54:50] EDIT Dipmelsa/views/admin/crearCotizacion.html: 2
[2021-03-18 11:54:51] EDIT Dipmelsa/views/admin/crearCotizacion.html: 0
[2021-03-18 11:55:10] EDIT Dipmelsa/views/admin/crearCotizacion.html: 0
[2021-03-18 11:55:10] EDIT Dipmelsa/views/admin/crearCotizacion.html: 0
[2021-03-18 11:55:23] EDIT Dipmelsa/views/admin/crearCotizacion.html: 0
[2021-03-18 11:55:23] EDIT Dipmelsa/views/admin/crearCotizacion.html: 0
[2021-03-18 11:55:27] EDIT Dipmelsa/views/admin/crearCotizacion.html: 0
[2021-03-18 11:56:03] EDIT Dipmelsa/views/admin/crearCotizacion.html: -2
[2021-03-18 11:56:03] EDIT Dipmelsa/views/admin/crearCotizacion.html: 0
[2021-03-18 12:01:34] EDIT Dipmelsa/views/admin/crearCotizacion.html: 0
[2021-03-18 12:01:35] EDIT Dipmelsa/views/admin/crearCotizacion.html: 0
[2021-03-18 12:01:53] EDIT Dipmelsa/views/admin/crearCotizacion.html: 0
[2021-03-18 12:01:53] EDIT Dipmelsa/views/admin/crearCotizacion.html: 0
[2021-03-18 12:09:52] EDIT Dipmelsa/views/admin/crearCotizacion.html: 5
[2021-03-18 12:09:59] EDIT Dipmelsa/views/admin/crearCotizacion.html: 0
[2021-03-18 12:10:58] EDIT Dipmelsa/views/admin/crearCotizacion.html: 0
[2021-03-18 12:28:40] EDIT Dipmelsa/views/admin/crearCotizacion.html: 0
[2021-03-18 12:29:15] EDIT Dipmelsa/views/admin/crearCotizacion.html: 0
[2021-03-18 12:29:15] EDIT Dipmelsa/views/admin/crearCotizacion.html: 0
[2021-03-18 12:32:57] EDIT Dipmelsa/views/admin/crearCotizacion.html: 18
[2021-03-18 12:32:57] EDIT Dipmelsa/views/admin/crearCotizacion.html: 0
[2021-03-18 12:33:39] EDIT Dipmelsa/views/admin/crearCotizacion.html: 0
[2021-03-18 12:33:39] EDIT Dipmelsa/views/admin/crearCotizacion.html: 0
[2021-03-18 12:34:41] EDIT Dipmelsa/views/admin/crearCotizacion.html: 0
[2021-03-18 12:34:41] EDIT Dipmelsa/views/admin/crearCotizacion.html: 0
[2021-03-18 12:36:04] EDIT Dipmelsa/views/admin/crearCotizacion.html: 2
[2021-03-18 12:36:04] EDIT Dipmelsa/views/admin/crearCotizacion.html: 0
[2021-03-18 12:37:20] EDIT Dipmelsa/views/admin/crearCotizacion.html: 0
[2021-03-18 12:37:20] EDIT Dipmelsa/views/admin/crearCotizacion.html: 0
[2021-03-18 12:40:36] EDIT Dipmelsa/views/admin/crearCotizacion.html: 0
[2021-03-18 12:42:17] EDIT Dipmelsa/views/admin/crearCotizacion.html: 0
[2021-03-18 12:45:00] EDIT Dipmelsa/views/admin/crearCotizacion.html: 0
[2021-03-18 12:45:41] EDIT Dipmelsa/views/admin/crearCotizacion.html: 0
[2021-03-18 12:46:19] EDIT Dipmelsa/views/admin/crearCotizacion.html: 0
[2021-03-18 12:46:19] EDIT Dipmelsa/views/admin/crearCotizacion.html: 0
[2021-03-18 12:46:37] EDIT Dipmelsa/views/admin/crearCotizacion.html: 0
[2021-03-18 12:48:16] EDIT Dipmelsa/views/admin/crearCotizacion.html: 0
[2021-03-18 12:48:21] EDIT Dipmelsa/views/admin/crearCotizacion.html: 0
[2021-03-18 12:48:36] EDIT Dipmelsa/views/admin/crearCotizacion.html: 0
[2021-03-18 12:48:48] EDIT Dipmelsa/views/admin/crearCotizacion.html: 0
[2021-03-18 12:49:23] EDIT Dipmelsa/views/admin/crearCotizacion.html: 2
[2021-03-18 12:49:55] EDIT Dipmelsa/views/admin/crearCotizacion.html: 2
[2021-03-18 12:50:20] EDIT Dipmelsa/views/admin/crearCotizacion.html: -2
[2021-03-18 12:51:02] EDIT Dipmelsa/views/admin/crearCotizacion.html: 0
[2021-03-18 12:52:51] EDIT Dipmelsa/views/admin/crearCotizacion.html: 0
[2021-03-18 12:52:51] EDIT Dipmelsa/views/admin/crearCotizacion.html: 0
[2021-03-18 12:53:14] EDIT Dipmelsa/views/admin/crearCotizacion.html: 0
[2021-03-18 12:53:58] EDIT Dipmelsa/views/admin/crearCotizacion.html: 0
[2021-03-18 12:54:11] EDIT Dipmelsa/views/admin/crearCotizacion.html: 0
[2021-03-18 12:56:08] EDIT Dipmelsa/views/admin/crearCotizacion.html: 0
[2021-03-18 12:56:48] EDIT Dipmelsa/views/admin/crearCotizacion.html: 0
[2021-03-18 12:57:22] EDIT Dipmelsa/views/admin/crearCotizacion.html: 0
[2021-03-18 12:57:32] EDIT Dipmelsa/views/admin/crearCotizacion.html: 0
[2021-03-18 13:25:06] EDIT Dipmelsa/views/admin/crearCotizacion.html: 1
[2021-03-18 13:25:17] EDIT Dipmelsa/views/admin/crearCotizacion.html: 0
[2021-03-18 13:25:44] EDIT Dipmelsa/views/admin/crearCotizacion.html: 46
[2021-03-18 13:26:15] EDIT Dipmelsa/views/admin/crearCotizacion.html: 0
[2021-03-18 13:26:15] EDIT Dipmelsa/views/admin/crearCotizacion.html: 0
[2021-03-18 13:27:04] EDIT Dipmelsa/views/admin/crearCotizacion.html: -47
[2021-03-18 13:27:22] EDIT Dipmelsa/views/admin/crearCotizacion.html: 0
[2021-03-18 13:27:54] EDIT Dipmelsa/views/admin/crearCotizacion.html: 7
[2021-03-18 13:28:06] EDIT Dipmelsa/views/admin/crearCotizacion.html: 0
[2021-03-18 13:28:44] EDIT Dipmelsa/views/admin/crearCotizacion.html: 7
[2021-03-18 13:29:12] EDIT Dipmelsa/views/admin/crearCotizacion.html: 40
[2021-03-18 13:31:36] EDIT Dipmelsa/controllers/admin.py: 0
[2021-03-18 13:31:54] EDIT Dipmelsa/views/admin/crearCotizacion.html: 0
[2021-03-18 13:32:05] EDIT Dipmelsa/views/admin/crearCotizacion.html: 0
[2021-03-18 13:32:05] EDIT Dipmelsa/views/admin/crearCotizacion.html: 0
[2021-03-18 13:34:31] EDIT Dipmelsa/views/admin/crearCotizacion.html: 0
[2021-03-18 13:34:32] EDIT Dipmelsa/views/admin/crearCotizacion.html: 0
[2021-03-18 13:34:42] EDIT Dipmelsa/views/admin/crearCotizacion.html: 0
[2021-03-18 13:35:02] EDIT Dipmelsa/controllers/admin.py: 0
[2021-03-18 13:35:03] EDIT Dipmelsa/controllers/admin.py: 0
[2021-03-18 13:35:09] EDIT Dipmelsa/controllers/admin.py: 0
[2021-03-18 13:35:11] EDIT Dipmelsa/views/admin/crearCotizacion.html: 0
[2021-03-18 13:36:17] EDIT Dipmelsa/views/admin/crearCotizacion.html: 0
[2021-03-18 13:36:35] EDIT Dipmelsa/views/admin/crearCotizacion.html: 3
[2021-03-18 14:09:39] EDIT Dipmelsa/views/admin/crearCotizacion.html: -12
[2021-03-18 14:10:03] EDIT Dipmelsa/views/admin/crearCotizacion.html: 0
[2021-03-18 14:10:19] EDIT Dipmelsa/views/admin/crearCotizacion.html: 0
[2021-03-18 14:56:49] EDIT Dipmelsa/views/admin/crearCotizacion.html: -3
[2021-03-18 17:32:24] EDIT Dipmelsa/views/admin/crearCotizacion.html: 47
[2021-03-18 17:33:49] EDIT Dipmelsa/views/admin/crearCotizacion.html: -12
[2021-03-18 17:41:54] EDIT Dipmelsa/views/admin/crearCotizacion.html: 0
[2021-03-18 17:48:35] EDIT Dipmelsa/views/admin/crearCotizacion.html: 0
[2021-03-18 18:05:04] EDIT Dipmelsa/views/admin/crearCotizacion.html: 41
[2021-03-18 18:06:18] EDIT Dipmelsa/views/admin/crearCotizacion.html: 6
[2021-03-19 12:12:12] EDIT Dipmelsa/views/admin/crearCotizacion.html: 0
[2021-03-19 12:21:56] EDIT Dipmelsa/views/admin/crearCotizacion.html: 94
[2021-03-19 14:59:46] EDIT Dipmelsa/models/db.py: 3
[2021-03-19 15:00:45] EDIT Dipmelsa/models/db.py: 1
[2021-03-19 15:07:09] EDIT Dipmelsa/controllers/admin.py: 1
[2021-03-19 15:07:10] EDIT Dipmelsa/controllers/admin.py: 0
[2021-03-19 15:09:22] EDIT Dipmelsa/views/admin/crearCotizacion.html: 47
[2021-03-19 15:10:54] EDIT Dipmelsa/views/admin/crearCotizacion.html: 0
[2021-03-19 15:11:30] EDIT Dipmelsa/controllers/admin.py: 1
[2021-03-19 15:11:36] EDIT Dipmelsa/controllers/admin.py: -1
[2021-03-19 15:54:38] EDIT Dipmelsa/controllers/admin.py: -1
[2021-03-19 15:56:47] EDIT Dipmelsa/views/admin/crearCotizacion.html: 4
[2021-03-19 16:52:40] EDIT Dipmelsa/views/admin/crearCotizacion.html: 1
[2021-03-19 16:52:54] EDIT Dipmelsa/views/admin/crearCotizacion.html: 0
[2021-03-19 16:53:11] EDIT Dipmelsa/views/admin/crearCotizacion.html: 0
[2021-03-19 16:53:40] EDIT Dipmelsa/views/admin/crearCotizacion.html: 0
[2021-03-19 16:57:20] EDIT Dipmelsa/views/admin/crearCotizacion.html: 0
[2021-03-19 16:57:30] EDIT Dipmelsa/views/admin/crearCotizacion.html: 0
[2021-03-19 21:47:40] EDIT Dipmelsa/views/admin/crearCotizacion.html: 8
[2021-03-19 21:47:55] EDIT Dipmelsa/views/admin/crearCotizacion.html: 1
[2021-03-19 21:48:21] EDIT Dipmelsa/views/admin/crearCotizacion.html: 0
[2021-03-19 21:48:56] EDIT Dipmelsa/views/admin/crearCotizacion.html: 0
[2021-03-19 21:48:57] EDIT Dipmelsa/views/admin/crearCotizacion.html: 0
[2021-03-19 21:49:26] EDIT Dipmelsa/views/admin/crearCotizacion.html: 0
[2021-03-19 21:49:26] EDIT Dipmelsa/views/admin/crearCotizacion.html: 0
[2021-03-19 21:50:28] EDIT Dipmelsa/views/admin/crearCotizacion.html: 0
[2021-03-19 21:51:29] EDIT Dipmelsa/views/admin/crearCotizacion.html: 0
[2021-03-19 21:51:56] EDIT Dipmelsa/views/admin/crearCotizacion.html: 0
[2021-03-19 21:52:39] EDIT Dipmelsa/views/admin/crearCotizacion.html: 0
[2021-03-19 21:52:39] EDIT Dipmelsa/views/admin/crearCotizacion.html: 0
[2021-03-19 21:52:45] EDIT Dipmelsa/views/admin/crearCotizacion.html: 0
[2021-03-19 21:53:40] EDIT Dipmelsa/views/admin/crearCotizacion.html: 0
[2021-03-19 21:53:55] EDIT Dipmelsa/views/admin/crearCotizacion.html: 1
[2021-03-19 21:55:05] EDIT Dipmelsa/views/admin/crearCotizacion.html: 0
[2021-03-19 21:56:41] EDIT Dipmelsa/views/admin/crearCotizacion.html: -1
[2021-03-19 21:56:46] EDIT Dipmelsa/views/admin/crearCotizacion.html: 1
[2021-03-19 21:59:38] EDIT Dipmelsa/views/admin/crearCotizacion.html: 0
[2021-03-19 21:59:43] EDIT Dipmelsa/controllers/admin.py: 0
[2021-03-19 22:00:42] EDIT Dipmelsa/views/admin/crearCotizacion.html: 0
[2021-03-19 22:03:18] EDIT Dipmelsa/views/admin/crearCotizacion.html: 2
[2021-03-19 22:06:14] EDIT Dipmelsa/views/admin/crearCotizacion.html: -3
[2021-03-19 22:06:14] EDIT Dipmelsa/views/admin/crearCotizacion.html: 0
[2021-03-19 22:27:31] EDIT Dipmelsa/views/admin/crearCotizacion.html: 80
[2021-03-19 22:28:39] EDIT Dipmelsa/views/admin/crearCotizacion.html: 0
[2021-03-19 22:28:49] EDIT Dipmelsa/views/admin/crearCotizacion.html: 0
[2021-03-19 22:29:30] EDIT Dipmelsa/views/admin/crearCotizacion.html: 0
[2021-03-19 22:29:30] EDIT Dipmelsa/views/admin/crearCotizacion.html: 0
[2021-03-19 22:29:41] EDIT Dipmelsa/views/admin/crearCotizacion.html: 0
[2021-03-19 22:31:48] EDIT Dipmelsa/views/admin/crearCotizacion.html: 0
[2021-03-19 22:32:14] EDIT Dipmelsa/views/admin/crearCotizacion.html: 0
[2021-03-19 22:33:04] EDIT Dipmelsa/views/admin/crearCotizacion.html: 0
[2021-03-19 22:33:26] EDIT Dipmelsa/views/admin/crearCotizacion.html: 0
[2021-03-19 22:36:04] EDIT Dipmelsa/views/admin/crearCotizacion.html: 0
[2021-03-19 22:38:21] EDIT Dipmelsa/views/admin/crearCotizacion.html: 0
[2021-03-19 22:39:25] EDIT Dipmelsa/views/admin/crearCotizacion.html: 0
[2021-03-19 22:50:52] EDIT Dipmelsa/views/admin/crearCotizacion.html: 0
[2021-03-19 23:02:23] EDIT Dipmelsa/views/admin/crearCotizacion.html: 83
[2021-03-19 23:03:09] EDIT Dipmelsa/views/admin/crearCotizacion.html: 0
[2021-03-19 23:03:09] EDIT Dipmelsa/views/admin/crearCotizacion.html: 0
[2021-03-19 23:05:13] EDIT Dipmelsa/views/admin/crearCotizacion.html: 0
[2021-03-19 23:05:28] EDIT Dipmelsa/views/admin/crearCotizacion.html: 0
[2021-03-19 23:06:11] EDIT Dipmelsa/views/admin/crearCotizacion.html: -10
[2021-03-19 23:06:25] EDIT Dipmelsa/views/admin/crearCotizacion.html: 0
[2021-03-19 23:07:01] EDIT Dipmelsa/views/admin/crearCotizacion.html: 0
[2021-03-19 23:07:15] EDIT Dipmelsa/views/admin/crearCotizacion.html: 0
[2021-03-19 23:07:15] EDIT Dipmelsa/views/admin/crearCotizacion.html: 0
[2021-03-19 23:07:22] EDIT Dipmelsa/views/admin/crearCotizacion.html: 0
[2021-03-19 23:07:23] EDIT Dipmelsa/views/admin/crearCotizacion.html: 0
[2021-03-19 23:07:23] EDIT Dipmelsa/views/admin/crearCotizacion.html: 0
[2021-03-19 23:10:47] EDIT Dipmelsa/views/admin/crearCotizacion.html: 0
[2021-03-19 23:11:14] EDIT Dipmelsa/views/admin/crearCotizacion.html: 0
[2021-03-19 23:12:38] EDIT Dipmelsa/views/admin/crearCotizacion.html: 0
[2021-03-19 23:12:38] EDIT Dipmelsa/views/admin/crearCotizacion.html: 0
[2021-03-19 23:15:56] EDIT Dipmelsa/views/admin/crearCotizacion.html: 0
[2021-03-19 23:18:43] EDIT Dipmelsa/views/admin/crearCotizacion.html: 7
[2021-03-19 23:19:10] EDIT Dipmelsa/views/admin/crearCotizacion.html: 0
[2021-03-19 23:20:01] EDIT Dipmelsa/views/admin/crearCotizacion.html: 0
[2021-03-19 23:20:38] EDIT Dipmelsa/views/admin/crearCotizacion.html: 7
[2021-03-19 23:20:59] EDIT Dipmelsa/views/admin/crearCotizacion.html: 0
[2021-03-19 23:22:37] EDIT Dipmelsa/views/admin/crearCotizacion.html: 0
[2021-03-19 23:22:49] EDIT Dipmelsa/views/admin/crearCotizacion.html: 0
[2021-03-19 23:23:52] EDIT Dipmelsa/views/admin/crearCotizacion.html: 0
[2021-03-19 23:24:50] EDIT Dipmelsa/views/admin/crearCotizacion.html: 0
[2021-03-19 23:25:04] EDIT Dipmelsa/views/admin/crearCotizacion.html: 0
[2021-03-19 23:25:32] EDIT Dipmelsa/views/admin/crearCotizacion.html: 1
[2021-03-19 23:25:32] EDIT Dipmelsa/views/admin/crearCotizacion.html: 0
[2021-03-19 23:26:00] EDIT Dipmelsa/views/admin/crearCotizacion.html: 0
[2021-03-19 23:26:00] EDIT Dipmelsa/views/admin/crearCotizacion.html: 0
[2021-03-19 23:27:05] EDIT Dipmelsa/views/admin/crearCotizacion.html: 0
[2021-03-19 23:27:34] EDIT Dipmelsa/views/admin/crearCotizacion.html: 0
[2021-03-19 23:27:35] EDIT Dipmelsa/views/admin/crearCotizacion.html: 0
[2021-03-19 23:28:16] EDIT Dipmelsa/views/admin/crearCotizacion.html: 0
[2021-03-19 23:28:20] EDIT Dipmelsa/views/admin/crearCotizacion.html: 0
[2021-03-19 23:28:20] EDIT Dipmelsa/views/admin/crearCotizacion.html: 0
[2021-03-19 23:28:20] EDIT Dipmelsa/views/admin/crearCotizacion.html: 0
[2021-03-19 23:29:03] EDIT Dipmelsa/views/admin/crearCotizacion.html: -1
[2021-03-19 23:29:22] EDIT Dipmelsa/views/admin/crearCotizacion.html: 0
[2021-03-19 23:29:34] EDIT Dipmelsa/views/admin/crearCotizacion.html: 0
[2021-03-19 23:29:59] EDIT Dipmelsa/views/admin/crearCotizacion.html: 0
[2021-03-19 23:29:59] EDIT Dipmelsa/views/admin/crearCotizacion.html: 0
[2021-03-19 23:31:39] EDIT Dipmelsa/views/admin/crearCotizacion.html: 0
[2021-03-19 23:31:40] EDIT Dipmelsa/views/admin/crearCotizacion.html: 0
[2021-03-19 23:31:52] EDIT Dipmelsa/views/admin/crearCotizacion.html: 0
[2021-03-19 23:31:52] EDIT Dipmelsa/views/admin/crearCotizacion.html: 0
[2021-03-19 23:31:52] EDIT Dipmelsa/views/admin/crearCotizacion.html: 0
[2021-03-19 23:32:24] EDIT Dipmelsa/views/admin/crearCotizacion.html: 1
[2021-03-19 23:32:24] EDIT Dipmelsa/views/admin/crearCotizacion.html: 0
[2021-03-19 23:32:53] EDIT Dipmelsa/views/admin/crearCotizacion.html: -1
[2021-03-19 23:33:23] EDIT Dipmelsa/views/admin/crearCotizacion.html: 0
[2021-03-19 23:33:33] EDIT Dipmelsa/views/admin/crearCotizacion.html: 0
[2021-03-19 23:34:30] EDIT Dipmelsa/views/admin/crearCotizacion.html: 0
[2021-03-19 23:34:30] EDIT Dipmelsa/views/admin/crearCotizacion.html: 0
[2021-03-19 23:34:42] EDIT Dipmelsa/views/admin/crearCotizacion.html: 0
[2021-03-19 23:35:16] EDIT Dipmelsa/views/admin/crearCotizacion.html: 0
[2021-03-19 23:36:18] EDIT Dipmelsa/views/admin/crearCotizacion.html: 0
[2021-03-19 23:36:53] EDIT Dipmelsa/views/admin/crearCotizacion.html: 0
[2021-03-19 23:37:23] EDIT Dipmelsa/views/admin/crearCotizacion.html: 0
[2021-03-19 23:37:48] EDIT Dipmelsa/views/admin/crearCotizacion.html: 0
[2021-03-19 23:38:55] EDIT Dipmelsa/views/admin/crearCotizacion.html: 0
[2021-03-19 23:39:56] EDIT Dipmelsa/views/admin/crearCotizacion.html: 0
[2021-03-19 23:40:19] EDIT Dipmelsa/views/admin/crearCotizacion.html: 0
[2021-03-19 23:41:15] EDIT Dipmelsa/views/admin/crearCotizacion.html: 0
[2021-03-19 23:41:26] EDIT Dipmelsa/views/admin/crearCotizacion.html: 0
[2021-03-19 23:41:33] EDIT Dipmelsa/views/admin/crearCotizacion.html: 0
[2021-03-19 23:41:54] EDIT Dipmelsa/views/admin/crearCotizacion.html: 0
[2021-03-19 23:42:08] EDIT Dipmelsa/views/admin/crearCotizacion.html: 0
[2021-03-19 23:43:26] EDIT Dipmelsa/views/admin/crearCotizacion.html: 7
[2021-03-19 23:43:26] EDIT Dipmelsa/views/admin/crearCotizacion.html: 0
[2021-03-19 23:43:41] EDIT Dipmelsa/views/admin/crearCotizacion.html: 0
[2021-03-19 23:43:58] EDIT Dipmelsa/views/admin/crearCotizacion.html: 1
[2021-03-19 23:44:11] EDIT Dipmelsa/views/admin/crearCotizacion.html: 0
[2021-03-19 23:44:26] EDIT Dipmelsa/views/admin/crearCotizacion.html: 5
[2021-03-19 23:44:51] EDIT Dipmelsa/views/admin/crearCotizacion.html: 0
[2021-03-19 23:45:10] EDIT Dipmelsa/views/admin/crearCotizacion.html: 0
[2021-03-19 23:45:17] EDIT Dipmelsa/views/admin/crearCotizacion.html: 0
[2021-03-19 23:45:25] EDIT Dipmelsa/views/admin/crearCotizacion.html: 0
[2021-03-19 23:45:53] EDIT Dipmelsa/views/admin/crearCotizacion.html: 0
[2021-03-19 23:47:00] EDIT Dipmelsa/views/admin/crearCotizacion.html: 3
[2021-03-19 23:47:32] EDIT Dipmelsa/views/admin/crearCotizacion.html: 4
[2021-03-19 23:47:34] EDIT Dipmelsa/views/admin/crearCotizacion.html: 0
[2021-03-19 23:48:15] EDIT Dipmelsa/views/admin/crearCotizacion.html: 0
[2021-03-19 23:48:27] EDIT Dipmelsa/views/admin/crearCotizacion.html: 0
[2021-03-19 23:49:13] EDIT Dipmelsa/views/admin/crearCotizacion.html: 0
[2021-03-19 23:50:35] EDIT Dipmelsa/views/admin/crearCotizacion.html: 0
[2021-03-19 23:50:36] EDIT Dipmelsa/views/admin/crearCotizacion.html: 0
[2021-03-19 23:51:03] EDIT Dipmelsa/views/admin/crearCotizacion.html: 0
[2021-03-19 23:51:03] EDIT Dipmelsa/views/admin/crearCotizacion.html: 0
[2021-03-19 23:51:49] EDIT Dipmelsa/views/admin/crearCotizacion.html: 0
[2021-03-19 23:51:52] EDIT Dipmelsa/models/db.py: 0
[2021-03-29 10:48:19] EDIT Dipmelsa/views/default/index.html: -3
[2021-03-29 10:48:19] EDIT Dipmelsa/views/default/index.html: 0
[2021-03-29 10:59:56] EDIT Dipmelsa/views/admin/crearCotizacion.html: 0
[2021-03-29 11:00:11] EDIT Dipmelsa/views/admin/crearCotizacion.html: 0
[2021-03-29 11:00:40] EDIT Dipmelsa/views/admin/crearCotizacion.html: 0
[2021-03-29 11:00:52] EDIT Dipmelsa/views/admin/crearCotizacion.html: 0
[2021-03-29 11:01:22] EDIT Dipmelsa/views/admin/crearCotizacion.html: 0
[2021-03-29 11:02:59] EDIT Dipmelsa/views/admin/crearCotizacion.html: 0
[2021-03-29 11:03:21] EDIT Dipmelsa/views/admin/crearCotizacion.html: 0
[2021-03-29 11:09:51] EDIT Dipmelsa/views/admin/crearCotizacion.html: 1
[2021-03-29 11:10:28] EDIT Dipmelsa/views/admin/crearCotizacion.html: 2
[2021-03-29 11:10:33] EDIT Dipmelsa/views/admin/crearCotizacion.html: 0
[2021-03-29 11:13:47] EDIT Dipmelsa/views/admin/crearCotizacion.html: 0
[2021-03-29 11:14:05] EDIT Dipmelsa/views/admin/crearCotizacion.html: 0
[2021-03-29 11:16:30] EDIT Dipmelsa/views/admin/crearCotizacion.html: 3
[2021-03-29 11:16:50] EDIT Dipmelsa/views/admin/crearCotizacion.html: 0
[2021-03-29 11:16:57] EDIT Dipmelsa/views/admin/crearCotizacion.html: 0
[2021-03-29 11:17:05] EDIT Dipmelsa/views/admin/crearCotizacion.html: 0
[2021-03-29 11:18:15] EDIT Dipmelsa/views/admin/crearCotizacion.html: 0
[2021-03-29 16:59:56] EDIT Dipmelsa/views/admin/crearCotizacion.html: 8
[2021-03-29 17:00:47] EDIT Dipmelsa/views/admin/crearCotizacion.html: 1
[2021-03-29 17:01:03] EDIT Dipmelsa/views/admin/crearCotizacion.html: 0
[2021-03-29 17:02:03] EDIT Dipmelsa/views/admin/crearCotizacion.html: 0
[2021-03-29 17:02:21] EDIT Dipmelsa/views/admin/crearCotizacion.html: 0
[2021-03-29 17:02:23] EDIT Dipmelsa/views/admin/crearCotizacion.html: 0
[2021-03-29 17:03:02] EDIT Dipmelsa/views/admin/crearCotizacion.html: 0
[2021-03-29 17:03:49] EDIT Dipmelsa/views/admin/crearCotizacion.html: 0
[2021-03-29 17:05:27] EDIT Dipmelsa/views/admin/crearCotizacion.html: 0
[2021-03-29 17:05:50] EDIT Dipmelsa/views/admin/crearCotizacion.html: 0
[2021-03-29 17:05:52] EDIT Dipmelsa/views/admin/crearCotizacion.html: 0
[2021-03-29 17:06:20] EDIT Dipmelsa/views/admin/crearCotizacion.html: 0
[2021-03-29 17:07:29] EDIT Dipmelsa/views/admin/crearCotizacion.html: 0
[2021-03-29 17:08:07] EDIT Dipmelsa/views/admin/crearCotizacion.html: 0
[2021-03-29 17:10:30] EDIT Dipmelsa/views/admin/crearCotizacion.html: 5
[2021-03-29 17:11:11] EDIT Dipmelsa/views/admin/crearCotizacion.html: 0
[2021-03-29 17:12:01] EDIT Dipmelsa/views/admin/crearCotizacion.html: 0
[2021-03-29 17:12:02] EDIT Dipmelsa/views/admin/crearCotizacion.html: 0
[2021-03-29 22:46:37] EDIT Dipmelsa/views/admin/crearCotizacion.html: 3
[2021-03-29 22:46:38] EDIT Dipmelsa/views/admin/crearCotizacion.html: 0
[2021-03-29 22:47:13] EDIT Dipmelsa/views/admin/crearCotizacion.html: 0
[2021-03-30 09:44:35] EDIT Dipmelsa/views/admin/crearCotizacion.html: -2
[2021-03-30 09:48:14] EDIT Dipmelsa/views/admin/crearCotizacion.html: 2
[2021-03-30 09:49:00] EDIT Dipmelsa/views/admin/crearCotizacion.html: 0
[2021-03-30 10:09:11] EDIT Dipmelsa/views/admin/crearCotizacion.html: 1
[2021-04-05 10:54:07] DELETE Dipmelsa/views/admin/crearCotizacion.html.1: -524
[2021-04-05 10:56:12] CREATE admin/ingresarProductos.html: 0
[2021-04-05 10:57:47] EDIT Dipmelsa/views/admin/ingresarProductos.html: 10
[2021-04-05 11:33:27] EDIT Dipmelsa/views/admin/ingresarProductos.html: -2
[2021-04-05 11:33:27] EDIT Dipmelsa/views/admin/ingresarProductos.html: 0
[2021-04-05 11:47:14] EDIT Dipmelsa/models/db.py: 4
[2021-04-05 13:35:25] EDIT Dipmelsa/models/db.py: 4
[2021-04-05 13:35:25] EDIT Dipmelsa/models/db.py: 0
[2021-04-05 14:03:28] EDIT Dipmelsa/models/db.py: 0
[2021-04-05 14:18:27] EDIT Dipmelsa/views/admin/ingresarProductos.html: 18
[2021-04-05 14:18:55] EDIT Dipmelsa/views/admin/ingresarProductos.html: 0
[2021-04-05 14:18:56] EDIT Dipmelsa/views/admin/ingresarProductos.html: 0
[2021-04-05 14:20:09] EDIT Dipmelsa/views/admin/ingresarProductos.html: 10
[2021-04-05 14:20:58] EDIT Dipmelsa/controllers/admin.py: 4
[2021-04-05 14:24:37] EDIT Dipmelsa/models/db.py: 0
[2021-04-05 14:26:36] EDIT Dipmelsa/views/admin/ingresarProductos.html: 3
[2021-04-05 14:27:18] EDIT Dipmelsa/views/admin/ingresarProductos.html: 5
[2021-04-05 14:28:55] EDIT Dipmelsa/views/admin/ingresarProductos.html: 0
[2021-04-05 14:30:09] EDIT Dipmelsa/views/admin/ingresarProductos.html: 0
[2021-04-05 14:40:38] EDIT Dipmelsa/views/admin/ingresarProductos.html: 27
[2021-04-05 14:43:13] EDIT Dipmelsa/views/admin/ingresarProductos.html: 8
[2021-04-05 14:44:13] EDIT Dipmelsa/controllers/admin.py: -1
[2021-04-05 14:47:20] EDIT Dipmelsa/views/admin/ingresarProductos.html: 0
[2021-04-05 14:47:25] EDIT Dipmelsa/views/admin/ingresarProductos.html: 0
[2021-04-05 14:51:42] EDIT Dipmelsa/views/admin/ingresarProductos.html: 0
[2021-04-05 14:53:14] EDIT Dipmelsa/controllers/admin.py: 6
[2021-04-05 15:17:25] EDIT Dipmelsa/views/admin/ingresarProductos.html: 3
[2021-04-05 15:17:49] EDIT Dipmelsa/controllers/admin.py: 0
[2021-04-05 15:22:27] EDIT Dipmelsa/controllers/admin.py: 0
[2021-04-05 15:23:38] EDIT Dipmelsa/controllers/admin.py: 0
[2021-04-05 15:31:57] EDIT Dipmelsa/controllers/admin.py: 0
[2021-04-05 15:33:37] EDIT Dipmelsa/views/admin/ingresarProductos.html: 0
[2021-04-05 15:47:24] EDIT Dipmelsa/views/admin/ingresarProductos.html: 0
[2021-04-05 15:48:44] EDIT Dipmelsa/views/admin/ingresarProductos.html: 0
[2021-04-05 15:50:56] EDIT Dipmelsa/views/admin/ingresarProductos.html: -2
[2021-04-05 15:51:15] EDIT Dipmelsa/views/admin/ingresarProductos.html: 0
[2021-04-05 15:55:00] EDIT Dipmelsa/views/admin/ingresarProductos.html: 0
[2021-04-05 15:55:28] EDIT Dipmelsa/views/admin/ingresarProductos.html: 0
[2021-04-05 15:56:04] EDIT Dipmelsa/views/admin/ingresarProductos.html: 0
[2021-04-05 15:56:13] EDIT Dipmelsa/views/admin/ingresarProductos.html: 0
[2021-04-05 15:56:54] EDIT Dipmelsa/views/admin/ingresarProductos.html: 0
[2021-04-05 15:56:54] EDIT Dipmelsa/views/admin/ingresarProductos.html: 0
[2021-04-05 15:57:16] EDIT Dipmelsa/views/admin/ingresarProductos.html: 0
[2021-04-05 15:57:34] EDIT Dipmelsa/views/admin/ingresarProductos.html: 0
[2021-04-05 15:57:57] EDIT Dipmelsa/views/admin/ingresarProductos.html: 0
[2021-04-05 15:58:08] EDIT Dipmelsa/views/admin/ingresarProductos.html: 0
[2021-04-05 15:58:08] EDIT Dipmelsa/views/admin/ingresarProductos.html: 0
[2021-04-05 15:58:52] EDIT Dipmelsa/views/admin/ingresarProductos.html: -5
[2021-04-05 15:59:05] EDIT Dipmelsa/views/admin/ingresarProductos.html: 0
[2021-04-05 15:59:07] EDIT Dipmelsa/controllers/admin.py: 0
[2021-04-05 15:59:09] EDIT Dipmelsa/views/admin/crearCotizacion.html: 0
[2021-04-09 11:25:19] EDIT Dipmelsa/views/admin/crearCotizacion.html: -1
[2021-04-09 11:26:08] EDIT Dipmelsa/views/admin/crearCotizacion.html: 0
[2021-04-09 12:13:13] EDIT Dipmelsa/views/admin/crearCotizacion.html: 0
[2021-04-09 12:13:55] EDIT Dipmelsa/views/admin/crearCotizacion.html: 0
[2021-04-09 12:13:56] EDIT Dipmelsa/views/admin/crearCotizacion.html: 0
[2021-04-09 12:15:27] EDIT Dipmelsa/views/admin/crearCotizacion.html: 0
[2021-04-09 12:16:49] EDIT Dipmelsa/views/admin/crearCotizacion.html: 0
[2021-04-09 12:16:49] EDIT Dipmelsa/views/admin/crearCotizacion.html: 0
[2021-04-09 12:17:56] EDIT Dipmelsa/views/admin/crearCotizacion.html: -6
[2021-04-09 12:19:19] EDIT Dipmelsa/views/admin/crearCotizacion.html: 6
[2021-04-09 12:19:36] EDIT Dipmelsa/views/admin/crearCotizacion.html: 0
[2021-04-09 12:19:46] EDIT Dipmelsa/views/admin/crearCotizacion.html: 0
[2021-04-09 12:20:23] EDIT Dipmelsa/views/admin/crearCotizacion.html: 2
[2021-04-09 12:32:38] EDIT Dipmelsa/views/admin/crearCotizacion.html: 0
[2021-04-09 12:32:50] EDIT Dipmelsa/views/admin/crearCotizacion.html: -2
[2021-04-09 12:33:11] EDIT Dipmelsa/views/admin/crearCotizacion.html: 0
[2021-04-14 10:22:55] EDIT Dipmelsa/views/admin/crearCotizacion.html: 0
[2021-04-14 10:24:58] EDIT Dipmelsa/views/admin/crearCotizacion.html: 9
[2021-04-14 10:26:34] EDIT Dipmelsa/views/admin/crearCotizacion.html: -1
[2021-04-14 10:26:35] EDIT Dipmelsa/views/admin/crearCotizacion.html: 0
[2021-04-14 10:30:50] EDIT Dipmelsa/views/admin/crearCotizacion.html: -9
[2021-04-14 10:30:57] EDIT Dipmelsa/views/admin/crearCotizacion.html: 0
[2021-04-14 10:32:01] EDIT Dipmelsa/views/admin/crearCotizacion.html: -2
[2021-04-14 10:32:35] EDIT Dipmelsa/views/admin/crearCotizacion.html: 0
[2021-04-14 10:32:55] EDIT Dipmelsa/views/admin/crearCotizacion.html: 0
[2021-04-14 10:45:56] EDIT Dipmelsa/views/admin/crearCotizacion.html: -1
[2021-04-14 10:46:03] EDIT Dipmelsa/views/admin/crearCotizacion.html: 1
[2021-04-14 10:46:40] EDIT Dipmelsa/views/admin/crearCotizacion.html: 1
[2021-04-14 10:46:40] EDIT Dipmelsa/views/admin/crearCotizacion.html: 0
[2021-04-14 10:46:48] EDIT Dipmelsa/views/admin/crearCotizacion.html: 0
[2021-04-14 10:52:20] EDIT Dipmelsa/views/admin/crearCotizacion.html: -1
[2021-04-14 11:02:06] EDIT Dipmelsa/views/admin/crearCotizacion.html: 1
[2021-04-14 11:02:10] EDIT Dipmelsa/views/admin/crearCotizacion.html: 0
[2021-04-14 11:19:55] EDIT Dipmelsa/views/admin/crearCotizacion.html: 3
[2021-04-14 11:20:04] EDIT Dipmelsa/views/admin/crearCotizacion.html: 0
[2021-04-14 11:21:50] EDIT Dipmelsa/views/admin/crearCotizacion.html: 0
[2021-04-14 11:22:06] EDIT Dipmelsa/views/admin/crearCotizacion.html: 0
[2021-04-14 11:52:25] EDIT Dipmelsa/views/admin/crearCotizacion.html: 2
[2021-04-14 11:54:13] EDIT Dipmelsa/views/admin/crearCotizacion.html: 1
[2021-04-14 11:54:29] EDIT Dipmelsa/views/admin/crearCotizacion.html: 1
[2021-04-14 11:54:49] EDIT Dipmelsa/views/admin/crearCotizacion.html: 1
[2021-04-14 11:55:02] EDIT Dipmelsa/views/admin/crearCotizacion.html: 0
[2021-04-14 11:55:15] EDIT Dipmelsa/views/admin/crearCotizacion.html: 1
[2021-04-14 11:56:52] EDIT Dipmelsa/views/admin/crearCotizacion.html: 0
[2021-04-14 11:58:09] EDIT Dipmelsa/views/admin/crearCotizacion.html: 0
[2021-04-14 12:08:28] EDIT Dipmelsa/views/admin/crearCotizacion.html: 0
[2021-04-14 12:09:37] EDIT Dipmelsa/views/admin/crearCotizacion.html: 0
[2021-04-14 12:10:31] EDIT Dipmelsa/views/admin/crearCotizacion.html: 0
[2021-04-14 12:11:14] EDIT Dipmelsa/views/admin/crearCotizacion.html: 0
[2021-04-14 12:11:52] EDIT Dipmelsa/views/admin/crearCotizacion.html: 0
[2021-04-14 12:12:06] EDIT Dipmelsa/views/admin/crearCotizacion.html: 0
[2021-04-14 12:12:13] EDIT Dipmelsa/views/admin/crearCotizacion.html: 0
[2021-04-14 12:12:21] EDIT Dipmelsa/views/admin/crearCotizacion.html: 0
[2021-04-14 12:13:08] EDIT Dipmelsa/views/admin/crearCotizacion.html: 0
[2021-04-14 12:14:49] EDIT Dipmelsa/views/admin/crearCotizacion.html: 0
[2021-04-14 12:14:50] EDIT Dipmelsa/views/admin/crearCotizacion.html: 0
[2021-04-14 12:19:29] EDIT Dipmelsa/views/admin/crearCotizacion.html: -1
[2021-04-14 12:19:53] EDIT Dipmelsa/views/admin/crearCotizacion.html: 0
[2021-04-14 12:21:00] EDIT Dipmelsa/views/admin/crearCotizacion.html: 0
[2021-04-14 12:21:56] EDIT Dipmelsa/views/admin/crearCotizacion.html: 1
[2021-04-14 12:22:11] EDIT Dipmelsa/views/admin/crearCotizacion.html: 1
[2021-04-14 12:23:53] EDIT Dipmelsa/views/admin/crearCotizacion.html: 0
[2021-04-14 12:27:01] EDIT Dipmelsa/views/admin/crearCotizacion.html: 1
[2021-04-14 12:27:32] EDIT Dipmelsa/views/admin/crearCotizacion.html: 0
[2021-04-14 12:29:02] EDIT Dipmelsa/views/admin/crearCotizacion.html: 0
[2021-04-14 12:29:33] EDIT Dipmelsa/views/admin/crearCotizacion.html: 0
[2021-04-14 12:29:55] EDIT Dipmelsa/views/admin/crearCotizacion.html: -2
[2021-04-14 12:30:54] EDIT Dipmelsa/views/admin/crearCotizacion.html: 0
[2021-04-14 12:31:39] EDIT Dipmelsa/views/admin/crearCotizacion.html: -1
[2021-04-14 12:31:54] EDIT Dipmelsa/views/admin/crearCotizacion.html: 0
[2021-04-14 12:32:22] EDIT Dipmelsa/views/admin/crearCotizacion.html: 0
[2021-04-14 12:44:03] EDIT Dipmelsa/views/admin/crearCotizacion.html: 7
[2021-04-14 12:47:08] EDIT Dipmelsa/views/admin/crearCotizacion.html: 0
[2021-04-14 13:13:54] EDIT Dipmelsa/views/admin/crearCotizacion.html: 4
[2021-04-14 13:17:01] EDIT Dipmelsa/views/admin/crearCotizacion.html: 5
[2021-04-14 13:28:20] EDIT Dipmelsa/views/admin/crearCotizacion.html: 1
[2021-04-14 13:34:07] EDIT Dipmelsa/views/admin/crearCotizacion.html: -1
[2021-04-14 13:35:11] EDIT Dipmelsa/views/admin/crearCotizacion.html: 1
[2021-04-14 13:35:39] EDIT Dipmelsa/views/admin/crearCotizacion.html: 0
[2021-04-14 13:36:30] EDIT Dipmelsa/views/admin/crearCotizacion.html: -5
[2021-04-14 13:37:11] EDIT Dipmelsa/views/admin/crearCotizacion.html: 1
[2021-04-14 13:38:09] EDIT Dipmelsa/views/admin/crearCotizacion.html: 5
[2021-04-14 13:38:38] EDIT Dipmelsa/views/admin/crearCotizacion.html: -4
[2021-04-14 13:38:50] EDIT Dipmelsa/views/admin/crearCotizacion.html: 0
[2021-04-14 13:38:58] EDIT Dipmelsa/views/admin/crearCotizacion.html: 0
[2021-04-14 13:39:09] EDIT Dipmelsa/views/admin/crearCotizacion.html: 0
[2021-04-14 13:39:13] EDIT Dipmelsa/views/admin/crearCotizacion.html: 0
[2021-04-14 13:41:31] EDIT Dipmelsa/views/admin/crearCotizacion.html: 0
[2021-04-14 16:56:19] EDIT Dipmelsa/views/admin/crearCotizacion.html: 0
[2021-04-14 16:56:36] EDIT Dipmelsa/views/admin/crearCotizacion.html: 0
[2021-04-14 16:57:24] EDIT Dipmelsa/views/admin/crearCotizacion.html: 0
[2021-04-14 16:58:53] EDIT Dipmelsa/views/admin/crearCotizacion.html: -1
[2021-04-23 13:49:28] EDIT Dipmelsa/models/db.py: 6
[2021-04-23 13:50:37] EDIT Dipmelsa/models/db.py: 3
[2021-04-23 13:51:24] EDIT Dipmelsa/models/db.py: 0
[2021-04-23 14:41:19] EDIT Dipmelsa/views/admin/crearCotizacion.html: 0
[2021-04-23 14:41:21] EDIT Dipmelsa/models/db.py: 0
[2021-04-23 15:43:37] EDIT Dipmelsa/controllers/admin.py: 3
[2021-04-23 16:07:09] EDIT Dipmelsa/views/admin/crearCotizacion.html: 19
[2021-04-23 16:13:45] EDIT Dipmelsa/views/admin/crearCotizacion.html: 7
[2021-04-23 16:15:26] EDIT Dipmelsa/views/admin/crearCotizacion.html: 0
[2021-04-23 16:17:32] EDIT Dipmelsa/views/admin/crearCotizacion.html: 0
[2021-04-23 16:17:34] EDIT Dipmelsa/controllers/admin.py: 0
[2021-04-23 16:18:23] EDIT Dipmelsa/controllers/admin.py: 0
[2021-04-23 16:19:46] EDIT Dipmelsa/controllers/admin.py: 0
[2021-04-23 16:28:08] EDIT Dipmelsa/views/admin/crearCotizacion.html: -6
[2021-04-23 16:30:05] EDIT Dipmelsa/views/admin/crearCotizacion.html: 6
[2021-04-23 16:31:30] EDIT Dipmelsa/views/admin/crearCotizacion.html: 0
[2021-04-23 16:32:48] EDIT Dipmelsa/views/admin/crearCotizacion.html: 0
[2021-04-23 16:35:15] EDIT Dipmelsa/views/admin/crearCotizacion.html: 0
[2021-04-23 16:36:07] EDIT Dipmelsa/views/admin/crearCotizacion.html: 0
[2021-04-23 16:39:29] EDIT Dipmelsa/views/admin/crearCotizacion.html: 0
